<?xml version="1.0" encoding="UTF-8"?>
<!-- Generated by org.testng.reporters.JUnitReportReporter -->
<testsuite hostname="DESKTOP-CE6PDQI" failures="0" tests="1" name="days3.PathQueryparameter" time="4.879" errors="0" timestamp="2024-04-22T11:16:55 IST" skipped="0">
  <testcase classname="days3.PathQueryparameter" name="querypathparameter" time="4.879"/>
  <system-out/>
</testsuite> <!-- days3.PathQueryparameter -->
