<?xml version="1.0" encoding="UTF-8"?>
<!-- Generated by org.testng.reporters.JUnitReportReporter -->
<testsuite hostname="DESKTOP-CE6PDQI" failures="0" tests="1" name="days3.Cookies_Demo" time="7.864" errors="0" timestamp="2024-04-22T11:55:21 IST" skipped="0">
  <testcase classname="days3.Cookies_Demo" name="getCookies" time="7.864"/>
  <system-out/>
</testsuite> <!-- days3.Cookies_Demo -->
