<?xml version="1.0" encoding="UTF-8"?>
<!-- Generated by org.testng.reporters.JUnitReportReporter -->
<testsuite hostname="DESKTOP-CE6PDQI" failures="0" tests="4" name="Demo.HttpRequests" time="12.431" errors="0" timestamp="2024-04-19T19:49:48 IST" skipped="0">
  <testcase classname="Demo.HttpRequests" name="deleteUser" time="6.174"/>
  <system-out/>
  <testcase classname="Demo.HttpRequests" name="getusers" time="1.715"/>
  <system-out/>
  <testcase classname="Demo.HttpRequests" name="createUser" time="3.816"/>
  <system-out/>
  <testcase classname="Demo.HttpRequests" name="updateUser" time="0.726"/>
  <system-out/>
</testsuite> <!-- Demo.HttpRequests -->
