<?xml version="1.0" encoding="UTF-8"?>
<!-- Generated by org.testng.reporters.JUnitReportReporter -->
<testsuite hostname="DESKTOP-CE6PDQI" failures="0" tests="1" name="days3.LoggingDemo" time="7.796" errors="0" timestamp="2024-04-22T12:29:26 IST" skipped="0">
  <testcase classname="days3.LoggingDemo" name="testLogs" time="7.796"/>
  <system-out/>
</testsuite> <!-- days3.LoggingDemo -->
