<?xml version="1.0" encoding="UTF-8"?>
<!-- Generated by org.testng.reporters.JUnitReportReporter -->
<testsuite hostname="DESKTOP-CE6PDQI" failures="0" tests="1" name="Tests.TestExample" time="6.573" errors="0" timestamp="2024-01-09T19:23:06 IST" skipped="0">
  <testcase classname="Tests.TestExample" name="test_1" time="6.573"/>
  <system-out/>
</testsuite> <!-- Tests.TestExample -->
