<?xml version="1.0" encoding="UTF-8"?>
<!-- Generated by org.testng.reporters.JUnitReportReporter -->
<testsuite hostname="DESKTOP-CE6PDQI" failures="0" tests="1" name="days3.HeadersDemo" time="7.321" errors="0" timestamp="2024-04-22T12:17:38 IST" skipped="0">
  <testcase classname="days3.HeadersDemo" name="getHeaders" time="7.321"/>
  <system-out/>
</testsuite> <!-- days3.HeadersDemo -->
