<?xml version="1.0" encoding="UTF-8"?>
<!-- Generated by org.testng.reporters.JUnitReportReporter -->
<testsuite hostname="DESKTOP-CE6PDQI" failures="0" tests="1" name="Tests.GetandPostExam" time="4.433" errors="0" timestamp="2024-04-19T19:57:42 IST" skipped="0">
  <testcase classname="Tests.GetandPostExam" name="testPost" time="4.433"/>
  <system-out/>
</testsuite> <!-- Tests.GetandPostExam -->
